$ turbo run typecheck
• turbo 2.8.17
• Packages in scope: @t3tools/client-runtime, @t3tools/contracts, @t3tools/desktop, @t3tools/marketing, @t3tools/scripts, @t3tools/shared, @t3tools/web, t3
• Running typecheck in 8 packages
• Remote caching disabled
@t3tools/marketing:typecheck: cache bypass, force executing 47a7c6d14f79d4c6
@t3tools/contracts:typecheck: cache bypass, force executing 1efff66fc75137e6
@t3tools/marketing:typecheck: $ node ../../scripts/ensure-zod-locales-index.mjs && astro check
@t3tools/contracts:typecheck: $ tsc --noEmit
@t3tools/marketing:typecheck: [2m14:39:26[22m [34m[types][39m Generated [2m161ms[22m
@t3tools/marketing:typecheck: [2m14:39:26[22m [34m[check][39m Getting diagnostics for Astro files in D:\Projects\t3code\apps\marketing...
@t3tools/shared:typecheck: cache bypass, force executing 107421d2f99c8742
@t3tools/client-runtime:typecheck: cache bypass, force executing 01909324247c05e2
@t3tools/shared:typecheck: $ tsc --noEmit
@t3tools/client-runtime:typecheck: $ tsc --noEmit
@t3tools/marketing:typecheck: Result (6 files): 
@t3tools/marketing:typecheck: - 0 errors
@t3tools/marketing:typecheck: - 0 warnings
@t3tools/marketing:typecheck: - 0 hints
@t3tools/marketing:typecheck: 
@t3tools/scripts:typecheck: cache bypass, force executing ee2e86d8b98cde6c
@t3tools/desktop:typecheck: cache bypass, force executing 7c029e79930eb382
@t3tools/web:typecheck: cache bypass, force executing d2e1077f7860a3a7
@t3tools/scripts:typecheck: $ tsc --noEmit
@t3tools/desktop:typecheck: $ tsc --noEmit
@t3tools/web:typecheck: $ tsc --noEmit
t3:typecheck: cache bypass, force executing 6037459b58abb2f9
t3:typecheck: $ tsc --noEmit

 Tasks:    8 successful, 8 total
Cached:    0 cached, 8 total
  Time:    14.568s 

